{"/Users/carsonbrill/repos/PizzaManager/app.js": {"path":"/Users/carsonbrill/repos/PizzaManager/app.js","statementMap":{"0":{"start":{"line":1,"column":16},"end":{"line":1,"column":34}},"1":{"start":{"line":2,"column":12},"end":{"line":2,"column":21}},"2":{"start":{"line":4,"column":0},"end":{"line":4,"column":33}},"3":{"start":{"line":5,"column":0},"end":{"line":5,"column":23}},"4":{"start":{"line":6,"column":0},"end":{"line":6,"column":47}},"5":{"start":{"line":8,"column":0},"end":{"line":8,"column":40}},"6":{"start":{"line":10,"column":0},"end":{"line":12,"column":2}},"7":{"start":{"line":11,"column":2},"end":{"line":11,"column":47}},"8":{"start":{"line":14,"column":0},"end":{"line":16,"column":2}},"9":{"start":{"line":15,"column":2},"end":{"line":15,"column":50}},"10":{"start":{"line":18,"column":0},"end":{"line":20,"column":2}},"11":{"start":{"line":19,"column":2},"end":{"line":19,"column":53}},"12":{"start":{"line":22,"column":0},"end":{"line":24,"column":2}},"13":{"start":{"line":23,"column":2},"end":{"line":23,"column":54}},"14":{"start":{"line":26,"column":0},"end":{"line":28,"column":2}},"15":{"start":{"line":27,"column":2},"end":{"line":27,"column":54}},"16":{"start":{"line":30,"column":0},"end":{"line":32,"column":2}},"17":{"start":{"line":31,"column":2},"end":{"line":31,"column":47}},"18":{"start":{"line":34,"column":0},"end":{"line":36,"column":2}},"19":{"start":{"line":35,"column":2},"end":{"line":35,"column":50}},"20":{"start":{"line":38,"column":0},"end":{"line":40,"column":2}},"21":{"start":{"line":39,"column":2},"end":{"line":39,"column":51}},"22":{"start":{"line":42,"column":0},"end":{"line":44,"column":2}},"23":{"start":{"line":43,"column":2},"end":{"line":43,"column":51}},"24":{"start":{"line":46,"column":0},"end":{"line":48,"column":2}},"25":{"start":{"line":47,"column":2},"end":{"line":47,"column":30}},"26":{"start":{"line":50,"column":0},"end":{"line":52,"column":2}},"27":{"start":{"line":51,"column":2},"end":{"line":51,"column":41}},"28":{"start":{"line":54,"column":0},"end":{"line":54,"column":20}}},"fnMap":{"0":{"name":"(anonymous_0)","decl":{"start":{"line":10,"column":13},"end":{"line":10,"column":14}},"loc":{"start":{"line":10,"column":31},"end":{"line":12,"column":1}},"line":10},"1":{"name":"(anonymous_1)","decl":{"start":{"line":14,"column":29},"end":{"line":14,"column":30}},"loc":{"start":{"line":14,"column":47},"end":{"line":16,"column":1}},"line":14},"2":{"name":"(anonymous_2)","decl":{"start":{"line":18,"column":33},"end":{"line":18,"column":34}},"loc":{"start":{"line":18,"column":51},"end":{"line":20,"column":1}},"line":18},"3":{"name":"(anonymous_3)","decl":{"start":{"line":22,"column":34},"end":{"line":22,"column":35}},"loc":{"start":{"line":22,"column":52},"end":{"line":24,"column":1}},"line":22},"4":{"name":"(anonymous_4)","decl":{"start":{"line":26,"column":37},"end":{"line":26,"column":38}},"loc":{"start":{"line":26,"column":55},"end":{"line":28,"column":1}},"line":26},"5":{"name":"(anonymous_5)","decl":{"start":{"line":30,"column":26},"end":{"line":30,"column":27}},"loc":{"start":{"line":30,"column":44},"end":{"line":32,"column":1}},"line":30},"6":{"name":"(anonymous_6)","decl":{"start":{"line":34,"column":30},"end":{"line":34,"column":31}},"loc":{"start":{"line":34,"column":48},"end":{"line":36,"column":1}},"line":34},"7":{"name":"(anonymous_7)","decl":{"start":{"line":38,"column":31},"end":{"line":38,"column":32}},"loc":{"start":{"line":38,"column":49},"end":{"line":40,"column":1}},"line":38},"8":{"name":"(anonymous_8)","decl":{"start":{"line":42,"column":34},"end":{"line":42,"column":35}},"loc":{"start":{"line":42,"column":52},"end":{"line":44,"column":1}},"line":42},"9":{"name":"(anonymous_9)","decl":{"start":{"line":46,"column":26},"end":{"line":46,"column":27}},"loc":{"start":{"line":46,"column":45},"end":{"line":48,"column":1}},"line":46},"10":{"name":"(anonymous_10)","decl":{"start":{"line":50,"column":13},"end":{"line":50,"column":14}},"loc":{"start":{"line":50,"column":31},"end":{"line":52,"column":1}},"line":50}},"branchMap":{},"s":{"0":2,"1":2,"2":2,"3":2,"4":2,"5":2,"6":2,"7":1,"8":2,"9":1,"10":2,"11":1,"12":2,"13":1,"14":2,"15":0,"16":2,"17":1,"18":2,"19":1,"20":2,"21":1,"22":2,"23":0,"24":2,"25":0,"26":2,"27":0,"28":2},"f":{"0":1,"1":1,"2":1,"3":1,"4":0,"5":1,"6":1,"7":1,"8":0,"9":0,"10":0},"b":{},"_coverageSchema":"1a1c01bbd47fc00a2c39e90264f33305004495a9","hash":"6e01887465ebeae2ac97f47246988048b62dfc34"}
,"/Users/carsonbrill/repos/PizzaManager/controllers/controller.js": {"path":"/Users/carsonbrill/repos/PizzaManager/controllers/controller.js","statementMap":{"0":{"start":{"line":1,"column":15},"end":{"line":1,"column":34}},"1":{"start":{"line":2,"column":19},"end":{"line":2,"column":47}},"2":{"start":{"line":3,"column":17},"end":{"line":3,"column":43}},"3":{"start":{"line":11,"column":0},"end":{"line":26,"column":1}},"4":{"start":{"line":12,"column":4},"end":{"line":15,"column":5}},"5":{"start":{"line":13,"column":8},"end":{"line":13,"column":66}},"6":{"start":{"line":14,"column":8},"end":{"line":14,"column":15}},"7":{"start":{"line":17,"column":20},"end":{"line":17,"column":46}},"8":{"start":{"line":18,"column":4},"end":{"line":25,"column":5}},"9":{"start":{"line":19,"column":27},"end":{"line":19,"column":47}},"10":{"start":{"line":20,"column":12},"end":{"line":20,"column":45}},"11":{"start":{"line":22,"column":8},"end":{"line":24,"column":10}},"12":{"start":{"line":32,"column":0},"end":{"line":39,"column":1}},"13":{"start":{"line":33,"column":21},"end":{"line":33,"column":46}},"14":{"start":{"line":34,"column":4},"end":{"line":38,"column":5}},"15":{"start":{"line":35,"column":8},"end":{"line":35,"column":26}},"16":{"start":{"line":37,"column":8},"end":{"line":37,"column":98}},"17":{"start":{"line":45,"column":0},"end":{"line":62,"column":1}},"18":{"start":{"line":46,"column":4},"end":{"line":49,"column":5}},"19":{"start":{"line":47,"column":8},"end":{"line":47,"column":66}},"20":{"start":{"line":48,"column":8},"end":{"line":48,"column":15}},"21":{"start":{"line":51,"column":4},"end":{"line":51,"column":68}},"22":{"start":{"line":52,"column":27},"end":{"line":52,"column":43}},"23":{"start":{"line":53,"column":23},"end":{"line":53,"column":50}},"24":{"start":{"line":54,"column":4},"end":{"line":61,"column":5}},"25":{"start":{"line":55,"column":31},"end":{"line":55,"column":87}},"26":{"start":{"line":56,"column":12},"end":{"line":56,"column":62}},"27":{"start":{"line":58,"column":8},"end":{"line":60,"column":10}},"28":{"start":{"line":68,"column":1},"end":{"line":81,"column":1}},"29":{"start":{"line":69,"column":4},"end":{"line":72,"column":5}},"30":{"start":{"line":70,"column":8},"end":{"line":70,"column":59}},"31":{"start":{"line":71,"column":8},"end":{"line":71,"column":15}},"32":{"start":{"line":74,"column":22},"end":{"line":74,"column":35}},"33":{"start":{"line":75,"column":4},"end":{"line":80,"column":5}},"34":{"start":{"line":76,"column":8},"end":{"line":76,"column":57}},"35":{"start":{"line":77,"column":8},"end":{"line":77,"column":41}},"36":{"start":{"line":79,"column":8},"end":{"line":79,"column":32}},"37":{"start":{"line":89,"column":0},"end":{"line":104,"column":1}},"38":{"start":{"line":90,"column":4},"end":{"line":93,"column":5}},"39":{"start":{"line":91,"column":8},"end":{"line":91,"column":66}},"40":{"start":{"line":92,"column":8},"end":{"line":92,"column":15}},"41":{"start":{"line":95,"column":18},"end":{"line":95,"column":42}},"42":{"start":{"line":96,"column":4},"end":{"line":103,"column":5}},"43":{"start":{"line":97,"column":27},"end":{"line":97,"column":45}},"44":{"start":{"line":98,"column":12},"end":{"line":98,"column":42}},"45":{"start":{"line":100,"column":8},"end":{"line":102,"column":10}},"46":{"start":{"line":110,"column":0},"end":{"line":117,"column":1}},"47":{"start":{"line":111,"column":19},"end":{"line":111,"column":42}},"48":{"start":{"line":112,"column":4},"end":{"line":116,"column":5}},"49":{"start":{"line":113,"column":8},"end":{"line":113,"column":24}},"50":{"start":{"line":115,"column":8},"end":{"line":115,"column":97}},"51":{"start":{"line":123,"column":1},"end":{"line":136,"column":1}},"52":{"start":{"line":124,"column":4},"end":{"line":127,"column":5}},"53":{"start":{"line":125,"column":8},"end":{"line":125,"column":79}},"54":{"start":{"line":126,"column":8},"end":{"line":126,"column":15}},"55":{"start":{"line":129,"column":4},"end":{"line":129,"column":59}},"56":{"start":{"line":130,"column":18},"end":{"line":130,"column":52}},"57":{"start":{"line":131,"column":4},"end":{"line":135,"column":5}},"58":{"start":{"line":132,"column":8},"end":{"line":132,"column":23}},"59":{"start":{"line":134,"column":8},"end":{"line":134,"column":96}},"60":{"start":{"line":142,"column":0},"end":{"line":160,"column":1}},"61":{"start":{"line":143,"column":4},"end":{"line":146,"column":5}},"62":{"start":{"line":144,"column":8},"end":{"line":144,"column":66}},"63":{"start":{"line":145,"column":8},"end":{"line":145,"column":15}},"64":{"start":{"line":148,"column":4},"end":{"line":148,"column":66}},"65":{"start":{"line":149,"column":25},"end":{"line":149,"column":39}},"66":{"start":{"line":150,"column":21},"end":{"line":150,"column":87}},"67":{"start":{"line":152,"column":4},"end":{"line":159,"column":5}},"68":{"start":{"line":153,"column":29},"end":{"line":153,"column":79}},"69":{"start":{"line":154,"column":8},"end":{"line":154,"column":71}},"70":{"start":{"line":156,"column":8},"end":{"line":158,"column":10}},"71":{"start":{"line":166,"column":1},"end":{"line":179,"column":1}},"72":{"start":{"line":167,"column":4},"end":{"line":170,"column":5}},"73":{"start":{"line":168,"column":8},"end":{"line":168,"column":59}},"74":{"start":{"line":169,"column":8},"end":{"line":169,"column":15}},"75":{"start":{"line":172,"column":20},"end":{"line":172,"column":33}},"76":{"start":{"line":173,"column":4},"end":{"line":178,"column":5}},"77":{"start":{"line":174,"column":8},"end":{"line":174,"column":53}},"78":{"start":{"line":175,"column":8},"end":{"line":175,"column":38}},"79":{"start":{"line":177,"column":8},"end":{"line":177,"column":32}}},"fnMap":{"0":{"name":"(anonymous_0)","decl":{"start":{"line":11,"column":24},"end":{"line":11,"column":25}},"loc":{"start":{"line":11,"column":43},"end":{"line":26,"column":1}},"line":11},"1":{"name":"(anonymous_1)","decl":{"start":{"line":32,"column":22},"end":{"line":32,"column":23}},"loc":{"start":{"line":32,"column":42},"end":{"line":39,"column":1}},"line":32},"2":{"name":"(anonymous_2)","decl":{"start":{"line":45,"column":24},"end":{"line":45,"column":25}},"loc":{"start":{"line":45,"column":43},"end":{"line":62,"column":1}},"line":45},"3":{"name":"(anonymous_3)","decl":{"start":{"line":68,"column":25},"end":{"line":68,"column":26}},"loc":{"start":{"line":68,"column":44},"end":{"line":81,"column":1}},"line":68},"4":{"name":"(anonymous_4)","decl":{"start":{"line":89,"column":22},"end":{"line":89,"column":23}},"loc":{"start":{"line":89,"column":41},"end":{"line":104,"column":1}},"line":89},"5":{"name":"(anonymous_5)","decl":{"start":{"line":110,"column":20},"end":{"line":110,"column":21}},"loc":{"start":{"line":110,"column":40},"end":{"line":117,"column":1}},"line":110},"6":{"name":"(anonymous_6)","decl":{"start":{"line":123,"column":21},"end":{"line":123,"column":22}},"loc":{"start":{"line":123,"column":41},"end":{"line":136,"column":1}},"line":123},"7":{"name":"(anonymous_7)","decl":{"start":{"line":142,"column":22},"end":{"line":142,"column":23}},"loc":{"start":{"line":142,"column":41},"end":{"line":160,"column":1}},"line":142},"8":{"name":"(anonymous_8)","decl":{"start":{"line":166,"column":23},"end":{"line":166,"column":24}},"loc":{"start":{"line":166,"column":42},"end":{"line":179,"column":1}},"line":166}},"branchMap":{"0":{"loc":{"start":{"line":12,"column":4},"end":{"line":15,"column":5}},"type":"if","locations":[{"start":{"line":12,"column":4},"end":{"line":15,"column":5}},{"start":{},"end":{}}],"line":12},"1":{"loc":{"start":{"line":23,"column":21},"end":{"line":23,"column":76}},"type":"binary-expr","locations":[{"start":{"line":23,"column":21},"end":{"line":23,"column":32}},{"start":{"line":23,"column":36},"end":{"line":23,"column":76}}],"line":23},"2":{"loc":{"start":{"line":37,"column":40},"end":{"line":37,"column":96}},"type":"binary-expr","locations":[{"start":{"line":37,"column":40},"end":{"line":37,"column":51}},{"start":{"line":37,"column":55},"end":{"line":37,"column":96}}],"line":37},"3":{"loc":{"start":{"line":46,"column":4},"end":{"line":49,"column":5}},"type":"if","locations":[{"start":{"line":46,"column":4},"end":{"line":49,"column":5}},{"start":{},"end":{}}],"line":46},"4":{"loc":{"start":{"line":59,"column":21},"end":{"line":59,"column":78}},"type":"binary-expr","locations":[{"start":{"line":59,"column":21},"end":{"line":59,"column":32}},{"start":{"line":59,"column":36},"end":{"line":59,"column":78}}],"line":59},"5":{"loc":{"start":{"line":69,"column":4},"end":{"line":72,"column":5}},"type":"if","locations":[{"start":{"line":69,"column":4},"end":{"line":72,"column":5}},{"start":{},"end":{}}],"line":69},"6":{"loc":{"start":{"line":90,"column":4},"end":{"line":93,"column":5}},"type":"if","locations":[{"start":{"line":90,"column":4},"end":{"line":93,"column":5}},{"start":{},"end":{}}],"line":90},"7":{"loc":{"start":{"line":101,"column":21},"end":{"line":101,"column":74}},"type":"binary-expr","locations":[{"start":{"line":101,"column":21},"end":{"line":101,"column":32}},{"start":{"line":101,"column":36},"end":{"line":101,"column":74}}],"line":101},"8":{"loc":{"start":{"line":115,"column":40},"end":{"line":115,"column":95}},"type":"binary-expr","locations":[{"start":{"line":115,"column":40},"end":{"line":115,"column":51}},{"start":{"line":115,"column":55},"end":{"line":115,"column":95}}],"line":115},"9":{"loc":{"start":{"line":124,"column":4},"end":{"line":127,"column":5}},"type":"if","locations":[{"start":{"line":124,"column":4},"end":{"line":127,"column":5}},{"start":{},"end":{}}],"line":124},"10":{"loc":{"start":{"line":134,"column":40},"end":{"line":134,"column":94}},"type":"binary-expr","locations":[{"start":{"line":134,"column":40},"end":{"line":134,"column":51}},{"start":{"line":134,"column":55},"end":{"line":134,"column":94}}],"line":134},"11":{"loc":{"start":{"line":143,"column":4},"end":{"line":146,"column":5}},"type":"if","locations":[{"start":{"line":143,"column":4},"end":{"line":146,"column":5}},{"start":{},"end":{}}],"line":143},"12":{"loc":{"start":{"line":157,"column":21},"end":{"line":157,"column":76}},"type":"binary-expr","locations":[{"start":{"line":157,"column":21},"end":{"line":157,"column":32}},{"start":{"line":157,"column":36},"end":{"line":157,"column":76}}],"line":157},"13":{"loc":{"start":{"line":167,"column":4},"end":{"line":170,"column":5}},"type":"if","locations":[{"start":{"line":167,"column":4},"end":{"line":170,"column":5}},{"start":{},"end":{}}],"line":167}},"s":{"0":2,"1":2,"2":2,"3":2,"4":2,"5":1,"6":1,"7":1,"8":1,"9":1,"10":1,"11":0,"12":2,"13":1,"14":1,"15":1,"16":0,"17":2,"18":2,"19":1,"20":1,"21":1,"22":1,"23":1,"24":1,"25":1,"26":1,"27":0,"28":2,"29":2,"30":1,"31":1,"32":1,"33":1,"34":1,"35":1,"36":0,"37":2,"38":2,"39":1,"40":1,"41":1,"42":1,"43":1,"44":1,"45":0,"46":2,"47":1,"48":1,"49":1,"50":0,"51":2,"52":1,"53":0,"54":0,"55":1,"56":1,"57":1,"58":1,"59":0,"60":2,"61":2,"62":1,"63":1,"64":1,"65":1,"66":1,"67":1,"68":1,"69":1,"70":0,"71":2,"72":2,"73":1,"74":1,"75":1,"76":1,"77":1,"78":1,"79":0},"f":{"0":2,"1":1,"2":2,"3":2,"4":2,"5":1,"6":1,"7":2,"8":2},"b":{"0":[1,1],"1":[0,0],"2":[0,0],"3":[1,1],"4":[0,0],"5":[1,1],"6":[1,1],"7":[0,0],"8":[0,0],"9":[0,1],"10":[0,0],"11":[1,1],"12":[0,0],"13":[1,1]},"_coverageSchema":"1a1c01bbd47fc00a2c39e90264f33305004495a9","hash":"269fd6799bdee0e4cf8da8fd90d837328168cbd2"}
,"/Users/carsonbrill/repos/PizzaManager/models/pizza.js": {"path":"/Users/carsonbrill/repos/PizzaManager/models/pizza.js","statementMap":{"0":{"start":{"line":1,"column":15},"end":{"line":1,"column":34}},"1":{"start":{"line":4,"column":20},"end":{"line":7,"column":4}},"2":{"start":{"line":9,"column":0},"end":{"line":14,"column":2}},"3":{"start":{"line":17,"column":14},"end":{"line":17,"column":50}},"4":{"start":{"line":19,"column":0},"end":{"line":19,"column":22}}},"fnMap":{},"branchMap":{},"s":{"0":2,"1":2,"2":2,"3":2,"4":2},"f":{},"b":{},"_coverageSchema":"1a1c01bbd47fc00a2c39e90264f33305004495a9","hash":"bc83372d5c7e0cf7b3d4f808a7ac19c5152b4946"}
,"/Users/carsonbrill/repos/PizzaManager/models/topping.js": {"path":"/Users/carsonbrill/repos/PizzaManager/models/topping.js","statementMap":{"0":{"start":{"line":1,"column":15},"end":{"line":1,"column":34}},"1":{"start":{"line":4,"column":22},"end":{"line":6,"column":6}},"2":{"start":{"line":8,"column":16},"end":{"line":8,"column":56}},"3":{"start":{"line":10,"column":0},"end":{"line":10,"column":24}}},"fnMap":{},"branchMap":{},"s":{"0":2,"1":2,"2":2,"3":2},"f":{},"b":{},"_coverageSchema":"1a1c01bbd47fc00a2c39e90264f33305004495a9","hash":"e24a51aac2a825c6312154bfe532e86b3fe91bbd"}
,"/Users/carsonbrill/repos/PizzaManager/routes/router.js": {"path":"/Users/carsonbrill/repos/PizzaManager/routes/router.js","statementMap":{"0":{"start":{"line":1,"column":16},"end":{"line":1,"column":34}},"1":{"start":{"line":2,"column":15},"end":{"line":2,"column":31}},"2":{"start":{"line":3,"column":19},"end":{"line":3,"column":55}},"3":{"start":{"line":6,"column":0},"end":{"line":6,"column":50}},"4":{"start":{"line":7,"column":0},"end":{"line":7,"column":47}},"5":{"start":{"line":8,"column":0},"end":{"line":8,"column":51}},"6":{"start":{"line":9,"column":0},"end":{"line":9,"column":54}},"7":{"start":{"line":11,"column":0},"end":{"line":11,"column":46}},"8":{"start":{"line":12,"column":0},"end":{"line":12,"column":50}},"9":{"start":{"line":13,"column":0},"end":{"line":13,"column":43}},"10":{"start":{"line":14,"column":0},"end":{"line":14,"column":47}},"11":{"start":{"line":15,"column":0},"end":{"line":15,"column":50}},"12":{"start":{"line":17,"column":0},"end":{"line":17,"column":23}}},"fnMap":{},"branchMap":{},"s":{"0":2,"1":2,"2":2,"3":2,"4":2,"5":2,"6":2,"7":2,"8":2,"9":2,"10":2,"11":2,"12":2},"f":{},"b":{},"_coverageSchema":"1a1c01bbd47fc00a2c39e90264f33305004495a9","hash":"a745f41a4e0044cf40c621ed1cb1c0bd701a8159"}
}
