TN:
SF:app.js
FN:10,(anonymous_0)
FN:14,(anonymous_1)
FN:18,(anonymous_2)
FN:22,(anonymous_3)
FN:26,(anonymous_4)
FN:30,(anonymous_5)
FN:34,(anonymous_6)
FN:38,(anonymous_7)
FN:42,(anonymous_8)
FN:46,(anonymous_9)
FN:50,(anonymous_10)
FNF:11
FNH:7
FNDA:1,(anonymous_0)
FNDA:1,(anonymous_1)
FNDA:1,(anonymous_2)
FNDA:1,(anonymous_3)
FNDA:0,(anonymous_4)
FNDA:1,(anonymous_5)
FNDA:1,(anonymous_6)
FNDA:1,(anonymous_7)
FNDA:0,(anonymous_8)
FNDA:0,(anonymous_9)
FNDA:0,(anonymous_10)
DA:1,2
DA:2,2
DA:4,2
DA:5,2
DA:6,2
DA:8,2
DA:10,2
DA:11,1
DA:14,2
DA:15,1
DA:18,2
DA:19,1
DA:22,2
DA:23,1
DA:26,2
DA:27,0
DA:30,2
DA:31,1
DA:34,2
DA:35,1
DA:38,2
DA:39,1
DA:42,2
DA:43,0
DA:46,2
DA:47,0
DA:50,2
DA:51,0
DA:54,2
LF:29
LH:25
BRF:0
BRH:0
end_of_record
TN:
SF:controllers/controller.js
FN:11,(anonymous_0)
FN:32,(anonymous_1)
FN:45,(anonymous_2)
FN:68,(anonymous_3)
FN:89,(anonymous_4)
FN:110,(anonymous_5)
FN:123,(anonymous_6)
FN:142,(anonymous_7)
FN:166,(anonymous_8)
FNF:9
FNH:9
FNDA:2,(anonymous_0)
FNDA:1,(anonymous_1)
FNDA:2,(anonymous_2)
FNDA:2,(anonymous_3)
FNDA:2,(anonymous_4)
FNDA:1,(anonymous_5)
FNDA:1,(anonymous_6)
FNDA:2,(anonymous_7)
FNDA:2,(anonymous_8)
DA:1,2
DA:2,2
DA:3,2
DA:11,2
DA:12,2
DA:13,1
DA:14,1
DA:17,1
DA:18,1
DA:19,1
DA:20,1
DA:22,0
DA:32,2
DA:33,1
DA:34,1
DA:35,1
DA:37,0
DA:45,2
DA:46,2
DA:47,1
DA:48,1
DA:51,1
DA:52,1
DA:53,1
DA:54,1
DA:55,1
DA:56,1
DA:58,0
DA:68,2
DA:69,2
DA:70,1
DA:71,1
DA:74,1
DA:75,1
DA:76,1
DA:77,1
DA:79,0
DA:89,2
DA:90,2
DA:91,1
DA:92,1
DA:95,1
DA:96,1
DA:97,1
DA:98,1
DA:100,0
DA:110,2
DA:111,1
DA:112,1
DA:113,1
DA:115,0
DA:123,2
DA:124,1
DA:125,0
DA:126,0
DA:129,1
DA:130,1
DA:131,1
DA:132,1
DA:134,0
DA:142,2
DA:143,2
DA:144,1
DA:145,1
DA:148,1
DA:149,1
DA:150,1
DA:152,1
DA:153,1
DA:154,1
DA:156,0
DA:166,2
DA:167,2
DA:168,1
DA:169,1
DA:172,1
DA:173,1
DA:174,1
DA:175,1
DA:177,0
LF:80
LH:69
BRDA:12,0,0,1
BRDA:12,0,1,1
BRDA:23,1,0,0
BRDA:23,1,1,0
BRDA:37,2,0,0
BRDA:37,2,1,0
BRDA:46,3,0,1
BRDA:46,3,1,1
BRDA:59,4,0,0
BRDA:59,4,1,0
BRDA:69,5,0,1
BRDA:69,5,1,1
BRDA:90,6,0,1
BRDA:90,6,1,1
BRDA:101,7,0,0
BRDA:101,7,1,0
BRDA:115,8,0,0
BRDA:115,8,1,0
BRDA:124,9,0,0
BRDA:124,9,1,1
BRDA:134,10,0,0
BRDA:134,10,1,0
BRDA:143,11,0,1
BRDA:143,11,1,1
BRDA:157,12,0,0
BRDA:157,12,1,0
BRDA:167,13,0,1
BRDA:167,13,1,1
BRF:28
BRH:13
end_of_record
TN:
SF:models/pizza.js
FNF:0
FNH:0
DA:1,2
DA:4,2
DA:9,2
DA:17,2
DA:19,2
LF:5
LH:5
BRF:0
BRH:0
end_of_record
TN:
SF:models/topping.js
FNF:0
FNH:0
DA:1,2
DA:4,2
DA:8,2
DA:10,2
LF:4
LH:4
BRF:0
BRH:0
end_of_record
TN:
SF:routes/router.js
FNF:0
FNH:0
DA:1,2
DA:2,2
DA:3,2
DA:6,2
DA:7,2
DA:8,2
DA:9,2
DA:11,2
DA:12,2
DA:13,2
DA:14,2
DA:15,2
DA:17,2
LF:13
LH:13
BRF:0
BRH:0
end_of_record
